2018-04-12 10:23:17,022 - 测试日志 - INFO - 32：测试用例开始执行
2018-04-12 10:23:17,025 - 测试日志 - INFO - 用例：'NoneType' object has no attribute 'result' 测试出错了
2018-04-12 10:23:17,025 - 测试日志 - INFO - 79：测试用例开始执行
2018-04-12 10:23:17,027 - 测试日志 - ERROR - 用例：79转化参数！原因：name 'asdasdasdasd' is not defined
2018-04-12 10:23:17,027 - 测试日志 - INFO - 99：测试用例开始执行
2018-04-12 10:23:17,028 - 测试日志 - ERROR - 用例：99转化参数！原因：name '第三方割发代首法规的法规' is not defined
2018-04-12 10:23:17,029 - 测试日志 - INFO - 100：测试用例开始执行
2018-04-12 10:23:17,030 - 测试日志 - ERROR - 用例：100转化参数！原因：name '的方式公司的分公司电饭锅' is not defined
2018-04-12 10:23:47,655 - 测试日志 - INFO - 32：测试用例开始执行
2018-04-12 10:23:47,659 - 测试日志 - INFO - 用例：'NoneType' object has no attribute 'result' 测试出错了
2018-04-12 10:23:47,660 - 测试日志 - INFO - 79：测试用例开始执行
2018-04-12 10:23:47,661 - 测试日志 - ERROR - 用例：79转化参数！原因：name 'asdasdasdasd' is not defined
2018-04-12 10:23:47,662 - 测试日志 - INFO - 99：测试用例开始执行
2018-04-12 10:23:47,663 - 测试日志 - ERROR - 用例：99转化参数！原因：name '第三方割发代首法规的法规' is not defined
2018-04-12 10:23:47,664 - 测试日志 - INFO - 100：测试用例开始执行
2018-04-12 10:23:47,665 - 测试日志 - ERROR - 用例：100转化参数！原因：name '的方式公司的分公司电饭锅' is not defined
2018-04-12 10:23:50,582 - 测试日志 - INFO - 32：测试用例开始执行
2018-04-12 10:23:50,585 - 测试日志 - INFO - 用例：'NoneType' object has no attribute 'result' 测试出错了
2018-04-12 10:23:50,585 - 测试日志 - INFO - 79：测试用例开始执行
2018-04-12 10:23:50,587 - 测试日志 - ERROR - 用例：79转化参数！原因：name 'asdasdasdasd' is not defined
2018-04-12 10:23:50,587 - 测试日志 - INFO - 99：测试用例开始执行
2018-04-12 10:23:50,588 - 测试日志 - ERROR - 用例：99转化参数！原因：name '第三方割发代首法规的法规' is not defined
2018-04-12 10:23:50,589 - 测试日志 - INFO - 100：测试用例开始执行
2018-04-12 10:23:50,590 - 测试日志 - ERROR - 用例：100转化参数！原因：name '的方式公司的分公司电饭锅' is not defined
