2018-04-12 11:10:13,685 - 测试日志 - INFO - 32：测试用例开始执行
2018-04-12 11:10:13,688 - 测试日志 - INFO - 用例：'NoneType' object has no attribute 'result' 测试出错了
2018-04-12 11:10:13,689 - 测试日志 - INFO - 79：测试用例开始执行
2018-04-12 11:10:13,690 - 测试日志 - ERROR - 用例：79转化参数！原因：name 'asdasdasdasd' is not defined
2018-04-12 11:10:13,690 - 测试日志 - INFO - 99：测试用例开始执行
2018-04-12 11:10:13,692 - 测试日志 - ERROR - 用例：99转化参数！原因：name '第三方割发代首法规的法规' is not defined
2018-04-12 11:10:13,692 - 测试日志 - INFO - 100：测试用例开始执行
2018-04-12 11:10:13,694 - 测试日志 - ERROR - 用例：100转化参数！原因：name '的方式公司的分公司电饭锅' is not defined
2018-04-12 11:10:18,930 - 测试日志 - INFO - 32：测试用例开始执行
2018-04-12 11:10:18,934 - 测试日志 - INFO - 用例：'NoneType' object has no attribute 'result' 测试出错了
2018-04-12 11:10:18,934 - 测试日志 - INFO - 79：测试用例开始执行
2018-04-12 11:10:18,936 - 测试日志 - ERROR - 用例：79转化参数！原因：name 'asdasdasdasd' is not defined
2018-04-12 11:10:18,936 - 测试日志 - INFO - 99：测试用例开始执行
2018-04-12 11:10:18,938 - 测试日志 - ERROR - 用例：99转化参数！原因：name '第三方割发代首法规的法规' is not defined
2018-04-12 11:10:18,938 - 测试日志 - INFO - 100：测试用例开始执行
2018-04-12 11:10:18,940 - 测试日志 - ERROR - 用例：100转化参数！原因：name '的方式公司的分公司电饭锅' is not defined
2018-04-12 11:10:23,704 - 测试日志 - INFO - 32：测试用例开始执行
2018-04-12 11:10:23,709 - 测试日志 - INFO - 用例：'NoneType' object has no attribute 'result' 测试出错了
2018-04-12 11:10:23,709 - 测试日志 - INFO - 79：测试用例开始执行
2018-04-12 11:10:23,713 - 测试日志 - ERROR - 用例：79转化参数！原因：name 'asdasdasdasd' is not defined
2018-04-12 11:10:23,713 - 测试日志 - INFO - 99：测试用例开始执行
2018-04-12 11:10:23,716 - 测试日志 - ERROR - 用例：99转化参数！原因：name '第三方割发代首法规的法规' is not defined
2018-04-12 11:10:23,716 - 测试日志 - INFO - 100：测试用例开始执行
2018-04-12 11:10:23,719 - 测试日志 - ERROR - 用例：100转化参数！原因：name '的方式公司的分公司电饭锅' is not defined
2018-04-12 11:10:28,702 - 测试日志 - INFO - 32：测试用例开始执行
2018-04-12 11:10:28,708 - 测试日志 - INFO - 用例：'NoneType' object has no attribute 'result' 测试出错了
2018-04-12 11:10:28,708 - 测试日志 - INFO - 79：测试用例开始执行
2018-04-12 11:10:28,711 - 测试日志 - ERROR - 用例：79转化参数！原因：name 'asdasdasdasd' is not defined
2018-04-12 11:10:28,712 - 测试日志 - INFO - 99：测试用例开始执行
2018-04-12 11:10:28,714 - 测试日志 - ERROR - 用例：99转化参数！原因：name '第三方割发代首法规的法规' is not defined
2018-04-12 11:10:28,714 - 测试日志 - INFO - 100：测试用例开始执行
2018-04-12 11:10:28,716 - 测试日志 - ERROR - 用例：100转化参数！原因：name '的方式公司的分公司电饭锅' is not defined
2018-04-12 11:10:33,702 - 测试日志 - INFO - 32：测试用例开始执行
2018-04-12 11:10:33,707 - 测试日志 - INFO - 用例：'NoneType' object has no attribute 'result' 测试出错了
2018-04-12 11:10:33,707 - 测试日志 - INFO - 79：测试用例开始执行
2018-04-12 11:10:33,710 - 测试日志 - ERROR - 用例：79转化参数！原因：name 'asdasdasdasd' is not defined
2018-04-12 11:10:33,711 - 测试日志 - INFO - 99：测试用例开始执行
2018-04-12 11:10:33,714 - 测试日志 - ERROR - 用例：99转化参数！原因：name '第三方割发代首法规的法规' is not defined
2018-04-12 11:10:33,714 - 测试日志 - INFO - 100：测试用例开始执行
2018-04-12 11:10:33,717 - 测试日志 - ERROR - 用例：100转化参数！原因：name '的方式公司的分公司电饭锅' is not defined
2018-04-12 11:10:38,986 - 测试日志 - INFO - 32：测试用例开始执行
2018-04-12 11:10:38,992 - 测试日志 - INFO - 用例：'NoneType' object has no attribute 'result' 测试出错了
2018-04-12 11:10:38,992 - 测试日志 - INFO - 79：测试用例开始执行
2018-04-12 11:10:38,995 - 测试日志 - ERROR - 用例：79转化参数！原因：name 'asdasdasdasd' is not defined
2018-04-12 11:10:38,995 - 测试日志 - INFO - 99：测试用例开始执行
2018-04-12 11:10:38,998 - 测试日志 - ERROR - 用例：99转化参数！原因：name '第三方割发代首法规的法规' is not defined
2018-04-12 11:10:38,999 - 测试日志 - INFO - 100：测试用例开始执行
2018-04-12 11:10:39,002 - 测试日志 - ERROR - 用例：100转化参数！原因：name '的方式公司的分公司电饭锅' is not defined
2018-04-12 11:10:43,692 - 测试日志 - INFO - 32：测试用例开始执行
2018-04-12 11:10:43,697 - 测试日志 - INFO - 用例：'NoneType' object has no attribute 'result' 测试出错了
2018-04-12 11:10:43,697 - 测试日志 - INFO - 79：测试用例开始执行
2018-04-12 11:10:43,701 - 测试日志 - ERROR - 用例：79转化参数！原因：name 'asdasdasdasd' is not defined
2018-04-12 11:10:43,701 - 测试日志 - INFO - 99：测试用例开始执行
2018-04-12 11:10:43,704 - 测试日志 - ERROR - 用例：99转化参数！原因：name '第三方割发代首法规的法规' is not defined
2018-04-12 11:10:43,704 - 测试日志 - INFO - 100：测试用例开始执行
2018-04-12 11:10:43,707 - 测试日志 - ERROR - 用例：100转化参数！原因：name '的方式公司的分公司电饭锅' is not defined
2018-04-12 11:10:48,887 - 测试日志 - INFO - 32：测试用例开始执行
2018-04-12 11:10:48,894 - 测试日志 - INFO - 用例：'NoneType' object has no attribute 'result' 测试出错了
2018-04-12 11:10:48,894 - 测试日志 - INFO - 79：测试用例开始执行
2018-04-12 11:10:48,897 - 测试日志 - ERROR - 用例：79转化参数！原因：name 'asdasdasdasd' is not defined
2018-04-12 11:10:48,898 - 测试日志 - INFO - 99：测试用例开始执行
2018-04-12 11:10:48,901 - 测试日志 - ERROR - 用例：99转化参数！原因：name '第三方割发代首法规的法规' is not defined
2018-04-12 11:10:48,901 - 测试日志 - INFO - 100：测试用例开始执行
2018-04-12 11:10:48,904 - 测试日志 - ERROR - 用例：100转化参数！原因：name '的方式公司的分公司电饭锅' is not defined
2018-04-12 11:10:53,582 - 测试日志 - INFO - 32：测试用例开始执行
2018-04-12 11:10:53,588 - 测试日志 - INFO - 用例：'NoneType' object has no attribute 'result' 测试出错了
2018-04-12 11:10:53,588 - 测试日志 - INFO - 79：测试用例开始执行
2018-04-12 11:10:53,590 - 测试日志 - ERROR - 用例：79转化参数！原因：name 'asdasdasdasd' is not defined
2018-04-12 11:10:53,590 - 测试日志 - INFO - 99：测试用例开始执行
2018-04-12 11:10:53,592 - 测试日志 - ERROR - 用例：99转化参数！原因：name '第三方割发代首法规的法规' is not defined
2018-04-12 11:10:53,592 - 测试日志 - INFO - 100：测试用例开始执行
2018-04-12 11:10:53,594 - 测试日志 - ERROR - 用例：100转化参数！原因：name '的方式公司的分公司电饭锅' is not defined
2018-04-12 11:10:55,238 - 测试日志 - INFO - 29：测试用例开始执行
2018-04-12 11:10:55,241 - 测试日志 - INFO - 用例：int() argument must be a string, a bytes-like object or a number, not 'NoneType' 测试出错了
2018-04-12 11:10:55,241 - 测试日志 - INFO - 30：测试用例开始执行
2018-04-12 11:10:55,244 - 测试日志 - INFO - 用例：int() argument must be a string, a bytes-like object or a number, not 'NoneType' 测试出错了
2018-04-12 11:10:58,704 - 测试日志 - INFO - 32：测试用例开始执行
2018-04-12 11:10:58,710 - 测试日志 - INFO - 用例：'NoneType' object has no attribute 'result' 测试出错了
2018-04-12 11:10:58,710 - 测试日志 - INFO - 79：测试用例开始执行
2018-04-12 11:10:58,713 - 测试日志 - ERROR - 用例：79转化参数！原因：name 'asdasdasdasd' is not defined
2018-04-12 11:10:58,713 - 测试日志 - INFO - 99：测试用例开始执行
2018-04-12 11:10:58,715 - 测试日志 - ERROR - 用例：99转化参数！原因：name '第三方割发代首法规的法规' is not defined
2018-04-12 11:10:58,715 - 测试日志 - INFO - 100：测试用例开始执行
2018-04-12 11:10:58,717 - 测试日志 - ERROR - 用例：100转化参数！原因：name '的方式公司的分公司电饭锅' is not defined
