2018-04-12 11:08:43,399 - 测试日志 - INFO - 32：测试用例开始执行
2018-04-12 11:08:43,403 - 测试日志 - INFO - 用例：'NoneType' object has no attribute 'result' 测试出错了
2018-04-12 11:08:43,403 - 测试日志 - INFO - 79：测试用例开始执行
2018-04-12 11:08:43,404 - 测试日志 - ERROR - 用例：79转化参数！原因：name 'asdasdasdasd' is not defined
2018-04-12 11:08:43,404 - 测试日志 - INFO - 99：测试用例开始执行
2018-04-12 11:08:43,406 - 测试日志 - ERROR - 用例：99转化参数！原因：name '第三方割发代首法规的法规' is not defined
2018-04-12 11:08:43,406 - 测试日志 - INFO - 100：测试用例开始执行
2018-04-12 11:08:43,407 - 测试日志 - ERROR - 用例：100转化参数！原因：name '的方式公司的分公司电饭锅' is not defined
2018-04-12 11:08:48,517 - 测试日志 - INFO - 32：测试用例开始执行
2018-04-12 11:08:48,522 - 测试日志 - INFO - 用例：'NoneType' object has no attribute 'result' 测试出错了
2018-04-12 11:08:48,522 - 测试日志 - INFO - 79：测试用例开始执行
2018-04-12 11:08:48,525 - 测试日志 - ERROR - 用例：79转化参数！原因：name 'asdasdasdasd' is not defined
2018-04-12 11:08:48,526 - 测试日志 - INFO - 99：测试用例开始执行
2018-04-12 11:08:48,528 - 测试日志 - ERROR - 用例：99转化参数！原因：name '第三方割发代首法规的法规' is not defined
2018-04-12 11:08:48,529 - 测试日志 - INFO - 100：测试用例开始执行
2018-04-12 11:08:48,532 - 测试日志 - ERROR - 用例：100转化参数！原因：name '的方式公司的分公司电饭锅' is not defined
2018-04-12 11:08:53,442 - 测试日志 - INFO - 32：测试用例开始执行
2018-04-12 11:08:53,446 - 测试日志 - INFO - 用例：'NoneType' object has no attribute 'result' 测试出错了
2018-04-12 11:08:53,446 - 测试日志 - INFO - 79：测试用例开始执行
2018-04-12 11:08:53,449 - 测试日志 - ERROR - 用例：79转化参数！原因：name 'asdasdasdasd' is not defined
2018-04-12 11:08:53,449 - 测试日志 - INFO - 99：测试用例开始执行
2018-04-12 11:08:53,452 - 测试日志 - ERROR - 用例：99转化参数！原因：name '第三方割发代首法规的法规' is not defined
2018-04-12 11:08:53,452 - 测试日志 - INFO - 100：测试用例开始执行
2018-04-12 11:08:53,455 - 测试日志 - ERROR - 用例：100转化参数！原因：name '的方式公司的分公司电饭锅' is not defined
2018-04-12 11:08:58,445 - 测试日志 - INFO - 32：测试用例开始执行
2018-04-12 11:08:58,450 - 测试日志 - INFO - 用例：'NoneType' object has no attribute 'result' 测试出错了
2018-04-12 11:08:58,450 - 测试日志 - INFO - 79：测试用例开始执行
2018-04-12 11:08:58,453 - 测试日志 - ERROR - 用例：79转化参数！原因：name 'asdasdasdasd' is not defined
2018-04-12 11:08:58,453 - 测试日志 - INFO - 99：测试用例开始执行
2018-04-12 11:08:58,456 - 测试日志 - ERROR - 用例：99转化参数！原因：name '第三方割发代首法规的法规' is not defined
2018-04-12 11:08:58,456 - 测试日志 - INFO - 100：测试用例开始执行
2018-04-12 11:08:58,459 - 测试日志 - ERROR - 用例：100转化参数！原因：name '的方式公司的分公司电饭锅' is not defined
