2018-04-12 10:21:04,181 - 测试日志 - INFO - 32：测试用例开始执行
2018-04-12 10:21:04,185 - 测试日志 - INFO - 用例：'NoneType' object has no attribute 'result' 测试出错了
2018-04-12 10:21:04,185 - 测试日志 - INFO - 79：测试用例开始执行
2018-04-12 10:21:04,187 - 测试日志 - ERROR - 用例：79转化参数！原因：name 'asdasdasdasd' is not defined
2018-04-12 10:21:04,187 - 测试日志 - INFO - 99：测试用例开始执行
2018-04-12 10:21:04,188 - 测试日志 - ERROR - 用例：99转化参数！原因：name '第三方割发代首法规的法规' is not defined
2018-04-12 10:21:04,188 - 测试日志 - INFO - 100：测试用例开始执行
2018-04-12 10:21:04,190 - 测试日志 - ERROR - 用例：100转化参数！原因：name '的方式公司的分公司电饭锅' is not defined
2018-04-12 10:21:05,329 - 测试日志 - INFO - 32：测试用例开始执行
2018-04-12 10:21:05,332 - 测试日志 - INFO - 用例：'NoneType' object has no attribute 'result' 测试出错了
2018-04-12 10:21:05,332 - 测试日志 - INFO - 79：测试用例开始执行
2018-04-12 10:21:05,333 - 测试日志 - ERROR - 用例：79转化参数！原因：name 'asdasdasdasd' is not defined
2018-04-12 10:21:05,333 - 测试日志 - INFO - 99：测试用例开始执行
2018-04-12 10:21:05,335 - 测试日志 - ERROR - 用例：99转化参数！原因：name '第三方割发代首法规的法规' is not defined
2018-04-12 10:21:05,335 - 测试日志 - INFO - 100：测试用例开始执行
2018-04-12 10:21:05,337 - 测试日志 - ERROR - 用例：100转化参数！原因：name '的方式公司的分公司电饭锅' is not defined
2018-04-12 10:21:06,217 - 测试日志 - INFO - 32：测试用例开始执行
2018-04-12 10:21:06,220 - 测试日志 - INFO - 用例：'NoneType' object has no attribute 'result' 测试出错了
2018-04-12 10:21:06,220 - 测试日志 - INFO - 79：测试用例开始执行
2018-04-12 10:21:06,222 - 测试日志 - ERROR - 用例：79转化参数！原因：name 'asdasdasdasd' is not defined
2018-04-12 10:21:06,222 - 测试日志 - INFO - 99：测试用例开始执行
2018-04-12 10:21:06,223 - 测试日志 - ERROR - 用例：99转化参数！原因：name '第三方割发代首法规的法规' is not defined
2018-04-12 10:21:06,223 - 测试日志 - INFO - 100：测试用例开始执行
2018-04-12 10:21:06,226 - 测试日志 - ERROR - 用例：100转化参数！原因：name '的方式公司的分公司电饭锅' is not defined
2018-04-12 10:21:34,045 - 测试日志 - INFO - 32：测试用例开始执行
2018-04-12 10:21:34,048 - 测试日志 - INFO - 用例：'NoneType' object has no attribute 'result' 测试出错了
2018-04-12 10:21:34,048 - 测试日志 - INFO - 79：测试用例开始执行
2018-04-12 10:21:34,050 - 测试日志 - ERROR - 用例：79转化参数！原因：name 'asdasdasdasd' is not defined
2018-04-12 10:21:34,050 - 测试日志 - INFO - 99：测试用例开始执行
2018-04-12 10:21:34,054 - 测试日志 - ERROR - 用例：99转化参数！原因：name '第三方割发代首法规的法规' is not defined
2018-04-12 10:21:34,054 - 测试日志 - INFO - 100：测试用例开始执行
2018-04-12 10:21:34,056 - 测试日志 - ERROR - 用例：100转化参数！原因：name '的方式公司的分公司电饭锅' is not defined
